[23:33:26] [Client thread/INFO]: Setting user: Player770
[23:33:27] [Client thread/INFO]: LWJGL Version: 2.9.1
[23:33:30] [Client thread/INFO]: Reloading ResourceManager: Default, FMLFileResourcePack:Forge Mod Loader, FMLFileResourcePack:Minecraft Forge, FMLFileResourcePack:SomeCraft
[23:33:30] [Sound Library Loader/INFO]: Starting up SoundSystem...
[23:33:31] [Thread-9/INFO]: Initializing LWJGL OpenAL
[23:33:31] [Thread-9/INFO]: (The LWJGL binding of OpenAL.  For more information, see http://www.lwjgl.org)
[23:33:31] [Thread-9/INFO]: OpenAL initialized.
[23:33:31] [Sound Library Loader/INFO]: Sound engine started
[23:33:32] [Client thread/INFO]: Created: 512x512 textures-atlas
[23:33:33] [Client thread/INFO]: Reloading ResourceManager: Default, FMLFileResourcePack:Forge Mod Loader, FMLFileResourcePack:Minecraft Forge, FMLFileResourcePack:SomeCraft
[23:33:33] [Client thread/INFO]: SoundSystem shutting down...
[23:33:33] [Client thread/WARN]: Author: Paul Lamb, www.paulscode.com
[23:33:33] [Sound Library Loader/INFO]: Starting up SoundSystem...
[23:33:33] [Thread-11/INFO]: Initializing LWJGL OpenAL
[23:33:33] [Thread-11/INFO]: (The LWJGL binding of OpenAL.  For more information, see http://www.lwjgl.org)
[23:33:33] [Thread-11/INFO]: OpenAL initialized.
[23:33:34] [Sound Library Loader/INFO]: Sound engine started
[23:33:34] [Client thread/INFO]: Created: 512x512 textures-atlas
[23:33:37] [Client thread/INFO]: Stopping!
[23:33:37] [Client thread/INFO]: SoundSystem shutting down...
[23:33:37] [Client thread/WARN]: Author: Paul Lamb, www.paulscode.com
